<?xml version="1.0" encoding="UTF-8"?>
<testsuite xmlns:xsi="http://www.w3.org/2001/XMLSchema-instance" xsi:noNamespaceSchemaLocation="https://maven.apache.org/surefire/maven-surefire-plugin/xsd/surefire-test-report-3.0.xsd" version="3.0" name="com.ricodev.e_commerceapigateway.ECommerceApiGatewayApplicationTests" time="12.891" tests="1" errors="0" skipped="0" failures="0">
  <properties>
[...]
</properties>
  <testcase name="contextLoads" classname="com.ricodev.e_commerceapigateway.ECommerceApiGatewayApplicationTests" time="1.56">
    <system-out><![CDATA[18:25:29.087 [main] INFO org.springframework.test.context.support.AnnotationConfigContextLoaderUtils -- Could not detect default configuration classes for test class [com.ricodev.e_commerceapigateway.ECommerceApiGatewayApplicationTests]: ECommerceApiGatewayApplicationTests does not declare any static, non-private, non-final, nested classes annotated with @Configuration.
18:25:29.222 [main] INFO org.springframework.boot.test.context.SpringBootTestContextBootstrapper -- Found @SpringBootConfiguration com.ricodev.e_commerceapigateway.ECommerceApiGatewayApplication for test class com.ricodev.e_commerceapigateway.ECommerceApiGatewayApplicationTests

  .   ____          _            __ _ _
 /\\ / ___'_ __ _ _(_)_ __  __ _ \ \ \ \
( ( )\___ | '_ | '_| | '_ \/ _` | \ \ \ \
 \\/  ___)| |_)| | | | | || (_| |  ) ) ) )
  '  |____| .__|_| |_|_| |_\__, | / / / /
 =========|_|==============|___/=/_/_/_/
 :: Spring Boot ::                (v3.1.5)

2023-11-04T18:25:29.907+03:00  INFO 36880 --- [           main] .r.e.ECommerceApiGatewayApplicationTests : Starting ECommerceApiGatewayApplicationTests using Java 21 with PID 36880 (started by rico in /home/rico/projects/springProjects/ApiGateway_Microservice/e_commerceApiGateway)
2023-11-04T18:25:29.908+03:00  INFO 36880 --- [           main] .r.e.ECommerceApiGatewayApplicationTests : No active profile set, falling back to 1 default profile: "default"
2023-11-04T18:25:31.496+03:00  INFO 36880 --- [           main] o.s.cloud.context.scope.GenericScope     : BeanFactory id=b4d1d503-8bca-3312-bc62-a2be245027fc
2023-11-04T18:25:31.821+03:00  INFO 36880 --- [           main] trationDelegate$BeanPostProcessorChecker : Bean 'org.springframework.cloud.client.loadbalancer.reactive.LoadBalancerBeanPostProcessorAutoConfiguration' of type [org.springframework.cloud.client.loadbalancer.reactive.LoadBalancerBeanPostProcessorAutoConfiguration] is not eligible for getting processed by all BeanPostProcessors (for example: not eligible for auto-proxying)
2023-11-04T18:25:31.829+03:00  INFO 36880 --- [           main] trationDelegate$BeanPostProcessorChecker : Bean 'org.springframework.cloud.client.loadbalancer.reactive.LoadBalancerBeanPostProcessorAutoConfiguration$ReactorDeferringLoadBalancerFilterConfig' of type [org.springframework.cloud.client.loadbalancer.reactive.LoadBalancerBeanPostProcessorAutoConfiguration$ReactorDeferringLoadBalancerFilterConfig] is not eligible for getting processed by all BeanPostProcessors (for example: not eligible for auto-proxying)
2023-11-04T18:25:31.836+03:00  INFO 36880 --- [           main] trationDelegate$BeanPostProcessorChecker : Bean 'reactorDeferringLoadBalancerExchangeFilterFunction' of type [org.springframework.cloud.client.loadbalancer.reactive.DeferringLoadBalancerExchangeFilterFunction] is not eligible for getting processed by all BeanPostProcessors (for example: not eligible for auto-proxying)
2023-11-04T18:25:33.633+03:00  INFO 36880 --- [           main] o.s.cloud.commons.util.InetUtils         : Cannot determine local hostname
2023-11-04T18:25:34.540+03:00  INFO 36880 --- [           main] o.s.c.g.r.RouteDefinitionRouteLocator    : Loaded RoutePredicateFactory [After]
2023-11-04T18:25:34.540+03:00  INFO 36880 --- [           main] o.s.c.g.r.RouteDefinitionRouteLocator    : Loaded RoutePredicateFactory [Before]
2023-11-04T18:25:34.540+03:00  INFO 36880 --- [           main] o.s.c.g.r.RouteDefinitionRouteLocator    : Loaded RoutePredicateFactory [Between]
2023-11-04T18:25:34.540+03:00  INFO 36880 --- [           main] o.s.c.g.r.RouteDefinitionRouteLocator    : Loaded RoutePredicateFactory [Cookie]
2023-11-04T18:25:34.540+03:00  INFO 36880 --- [           main] o.s.c.g.r.RouteDefinitionRouteLocator    : Loaded RoutePredicateFactory [Header]
2023-11-04T18:25:34.541+03:00  INFO 36880 --- [           main] o.s.c.g.r.RouteDefinitionRouteLocator    : Loaded RoutePredicateFactory [Host]
2023-11-04T18:25:34.541+03:00  INFO 36880 --- [           main] o.s.c.g.r.RouteDefinitionRouteLocator    : Loaded RoutePredicateFactory [Method]
2023-11-04T18:25:34.541+03:00  INFO 36880 --- [           main] o.s.c.g.r.RouteDefinitionRouteLocator    : Loaded RoutePredicateFactory [Path]
2023-11-04T18:25:34.541+03:00  INFO 36880 --- [           main] o.s.c.g.r.RouteDefinitionRouteLocator    : Loaded RoutePredicateFactory [Query]
2023-11-04T18:25:34.541+03:00  INFO 36880 --- [           main] o.s.c.g.r.RouteDefinitionRouteLocator    : Loaded RoutePredicateFactory [ReadBody]
2023-11-04T18:25:34.541+03:00  INFO 36880 --- [           main] o.s.c.g.r.RouteDefinitionRouteLocator    : Loaded RoutePredicateFactory [RemoteAddr]
2023-11-04T18:25:34.541+03:00  INFO 36880 --- [           main] o.s.c.g.r.RouteDefinitionRouteLocator    : Loaded RoutePredicateFactory [XForwardedRemoteAddr]
2023-11-04T18:25:34.542+03:00  INFO 36880 --- [           main] o.s.c.g.r.RouteDefinitionRouteLocator    : Loaded RoutePredicateFactory [Weight]
2023-11-04T18:25:34.542+03:00  INFO 36880 --- [           main] o.s.c.g.r.RouteDefinitionRouteLocator    : Loaded RoutePredicateFactory [CloudFoundryRouteService]
2023-11-04T18:25:35.271+03:00  INFO 36880 --- [           main] DiscoveryClientOptionalArgsConfiguration : Eureka HTTP Client uses RestTemplate.
2023-11-04T18:25:36.298+03:00  INFO 36880 --- [           main] o.s.cloud.commons.util.InetUtils         : Cannot determine local hostname
2023-11-04T18:25:37.353+03:00  INFO 36880 --- [           main] o.s.cloud.commons.util.InetUtils         : Cannot determine local hostname
2023-11-04T18:25:37.486+03:00  WARN 36880 --- [           main] iguration$LoadBalancerCaffeineWarnLogger : Spring Cloud LoadBalancer is currently working with the default cache. While this cache implementation is useful for development and tests, it's recommended to use Caffeine cache in production.You can switch to using Caffeine cache, by adding it and org.springframework.cache.caffeine.CaffeineCacheManager to the classpath.
2023-11-04T18:25:37.570+03:00  INFO 36880 --- [           main] o.s.c.n.eureka.InstanceInfoFactory       : Setting initial instance status as: STARTING
2023-11-04T18:25:37.735+03:00  INFO 36880 --- [           main] com.netflix.discovery.DiscoveryClient    : Initializing Eureka in region us-east-1
2023-11-04T18:25:37.743+03:00  INFO 36880 --- [           main] c.n.d.s.r.aws.ConfigClusterResolver      : Resolving eureka endpoints via configuration
2023-11-04T18:25:37.767+03:00  INFO 36880 --- [           main] com.netflix.discovery.DiscoveryClient    : Disable delta property : false
2023-11-04T18:25:37.767+03:00  INFO 36880 --- [           main] com.netflix.discovery.DiscoveryClient    : Single vip registry refresh property : null
2023-11-04T18:25:37.767+03:00  INFO 36880 --- [           main] com.netflix.discovery.DiscoveryClient    : Force full registry fetch : false
2023-11-04T18:25:37.767+03:00  INFO 36880 --- [           main] com.netflix.discovery.DiscoveryClient    : Application is null : false
2023-11-04T18:25:37.767+03:00  INFO 36880 --- [           main] com.netflix.discovery.DiscoveryClient    : Registered Applications size is zero : true
2023-11-04T18:25:37.768+03:00  INFO 36880 --- [           main] com.netflix.discovery.DiscoveryClient    : Application version is -1: true
2023-11-04T18:25:37.768+03:00  INFO 36880 --- [           main] com.netflix.discovery.DiscoveryClient    : Getting all instance registry info from the eureka server
2023-11-04T18:25:40.023+03:00  INFO 36880 --- [           main] com.netflix.discovery.DiscoveryClient    : The response status is 200
2023-11-04T18:25:40.025+03:00  INFO 36880 --- [           main] com.netflix.discovery.DiscoveryClient    : Starting heartbeat executor: renew interval is: 30
2023-11-04T18:25:40.028+03:00  INFO 36880 --- [           main] c.n.discovery.InstanceInfoReplicator     : InstanceInfoReplicator onDemand update allowed rate per min is 4
2023-11-04T18:25:40.035+03:00  INFO 36880 --- [           main] com.netflix.discovery.DiscoveryClient    : Discovery Client initialized at timestamp 1699111540034 with initial instances count: 0
2023-11-04T18:25:40.045+03:00  INFO 36880 --- [           main] o.s.c.n.e.s.EurekaServiceRegistry        : Registering application ECOMMERCE-API-GATEWAY with eureka with status UP
2023-11-04T18:25:40.046+03:00  INFO 36880 --- [           main] com.netflix.discovery.DiscoveryClient    : Saw local status change event StatusChangeEvent [timestamp=1699111540046, current=UP, previous=STARTING]
2023-11-04T18:25:40.047+03:00  INFO 36880 --- [nfoReplicator-0] com.netflix.discovery.DiscoveryClient    : DiscoveryClient_ECOMMERCE-API-GATEWAY/192.168.0.104:ECOMMERCE-API-GATEWAY:8089: registering service...
2023-11-04T18:25:40.166+03:00  INFO 36880 --- [           main] .r.e.ECommerceApiGatewayApplicationTests : Started ECommerceApiGatewayApplicationTests in 10.751 seconds (process running for 12.05)
]]></system-out>
    <system-err><![CDATA[WARNING: A Java agent has been loaded dynamically (/home/rico/.m2/repository/net/bytebuddy/byte-buddy-agent/1.14.9/byte-buddy-agent-1.14.9.jar)
WARNING: If a serviceability tool is in use, please run with -XX:+EnableDynamicAgentLoading to hide this warning
WARNING: If a serviceability tool is not in use, please run with -Djdk.instrument.traceUsage for more information
WARNING: Dynamic loading of agents will be disallowed by default in a future release
]]></system-err>
  </testcase>
</testsuite>